app/build/outputs/logs/manifest-merger-debug-report.txt
-- Merging decision tree log ---
manifest
ADDED from src/main/AndroidManifest.xml:2:1-67:12
	package
		ADDED from src/main/AndroidManifest.xml:3:5-31
		INJECTED from src/main/AndroidManifest.xml
		INJECTED from src/main/AndroidManifest.xml
	android:versionName
		ADDED from src/main/AndroidManifest.xml:5:5-30
		INJECTED from src/main/AndroidManifest.xml
		INJECTED from src/main/AndroidManifest.xml
	android:versionCode
		ADDED from src/main/AndroidManifest.xml:4:5-28
		INJECTED from src/main/AndroidManifest.xml
		INJECTED from src/main/AndroidManifest.xml
	xmlns:android
		ADDED from src/main/AndroidManifest.xml:2:11-69
uses-sdk
ADDED from src/main/AndroidManifest.xml:7:5-9:41
MERGED from [com.android.support:design:23.3.0] AndroidManifest.xml:20:5-43
MERGED from [com.android.support:appcompat-v7:23.3.0] AndroidManifest.xml:21:5-23:78
MERGED from [com.android.support:animated-vector-drawable:23.3.0] AndroidManifest.xml:5:5-44
MERGED from [com.android.support:support-vector-drawable:23.3.0] AndroidManifest.xml:5:5-43
MERGED from [com.android.support:recyclerview-v7:23.3.0] AndroidManifest.xml:20:5-43
MERGED from [com.android.support:support-v4:23.3.0] AndroidManifest.xml:20:5-43
	tools:overrideLibrary
		ADDED from [com.android.support:appcompat-v7:23.3.0] AndroidManifest.xml:23:9-75
	android:targetSdkVersion
		ADDED from src/main/AndroidManifest.xml:9:9-38
		INJECTED from src/main/AndroidManifest.xml
		INJECTED from src/main/AndroidManifest.xml
	android:minSdkVersion
		ADDED from src/main/AndroidManifest.xml:8:9-35
		INJECTED from src/main/AndroidManifest.xml
		INJECTED from src/main/AndroidManifest.xml
uses-permission#android.permission.INTERNET
ADDED from src/main/AndroidManifest.xml:11:5-67
	android:name
		ADDED from src/main/AndroidManifest.xml:11:22-64
uses-permission#android.permission.MOUNT_UNMOUNT_FILESYSTEMS
ADDED from src/main/AndroidManifest.xml:12:5-84
	android:name
		ADDED from src/main/AndroidManifest.xml:12:22-81
uses-permission#android.permission.WRITE_SETTINGS
ADDED from src/main/AndroidManifest.xml:13:5-73
	android:name
		ADDED from src/main/AndroidManifest.xml:13:22-70
uses-permission#android.permission.WRITE_EXTERNAL_STORAGE
ADDED from src/main/AndroidManifest.xml:14:5-81
	android:name
		ADDED from src/main/AndroidManifest.xml:14:22-78
uses-permission#android.permission.READ_PHONE_STATE
ADDED from src/main/AndroidManifest.xml:15:5-75
	android:name
		ADDED from src/main/AndroidManifest.xml:15:22-72
uses-permission#android.permission.READ_EXTERNAL_STORAGE
ADDED from src/main/AndroidManifest.xml:16:5-80
	android:name
		ADDED from src/main/AndroidManifest.xml:16:22-77
application
ADDED from src/main/AndroidManifest.xml:18:5-65:19
MERGED from [com.android.support:design:23.3.0] AndroidManifest.xml:22:5-20
MERGED from [com.android.support:appcompat-v7:23.3.0] AndroidManifest.xml:25:5-20
MERGED from [com.android.support:animated-vector-drawable:23.3.0] AndroidManifest.xml:7:5-20
MERGED from [com.android.support:support-vector-drawable:23.3.0] AndroidManifest.xml:7:5-20
MERGED from [com.android.support:support-v4:23.3.0] AndroidManifest.xml:22:5-20
	android:label
		ADDED from src/main/AndroidManifest.xml:22:9-41
	android:launchMode
		ADDED from src/main/AndroidManifest.xml:23:9-38
	android:configChanges
		ADDED from src/main/AndroidManifest.xml:20:9-81
	android:allowBackup
		ADDED from src/main/AndroidManifest.xml:19:9-35
	android:icon
		ADDED from src/main/AndroidManifest.xml:21:9-45
	android:theme
		ADDED from src/main/AndroidManifest.xml:24:9-40
activity#com.example.test.MainActivity
ADDED from src/main/AndroidManifest.xml:25:9-34:20
	android:label
		ADDED from src/main/AndroidManifest.xml:27:13-45
	android:windowSoftInputMode
		ADDED from src/main/AndroidManifest.xml:28:13-64
	android:name
		ADDED from src/main/AndroidManifest.xml:26:13-41
intent-filter#android.intent.action.MAIN+android.intent.category.LAUNCHER
ADDED from src/main/AndroidManifest.xml:29:13-33:29
action#android.intent.action.MAIN
ADDED from src/main/AndroidManifest.xml:30:17-69
	android:name
		ADDED from src/main/AndroidManifest.xml:30:25-66
category#android.intent.category.LAUNCHER
ADDED from src/main/AndroidManifest.xml:32:17-77
	android:name
		ADDED from src/main/AndroidManifest.xml:32:27-74
activity#com.example.test.Initial
ADDED from src/main/AndroidManifest.xml:35:9-45
	android:name
		ADDED from src/main/AndroidManifest.xml:35:19-42
activity#com.example.test.AccountInit
ADDED from src/main/AndroidManifest.xml:36:9-49
	android:name
		ADDED from src/main/AndroidManifest.xml:36:19-46
activity#com.example.test.LogIn
ADDED from src/main/AndroidManifest.xml:37:9-43
	android:name
		ADDED from src/main/AndroidManifest.xml:37:19-40
activity#com.example.test.SignUp
ADDED from src/main/AndroidManifest.xml:38:9-44
	android:name
		ADDED from src/main/AndroidManifest.xml:38:19-41
activity#com.example.test.personal1
ADDED from src/main/AndroidManifest.xml:39:9-41:67
	android:windowSoftInputMode
		ADDED from src/main/AndroidManifest.xml:41:13-64
	android:name
		ADDED from src/main/AndroidManifest.xml:40:13-38
activity#com.example.test.personal2
ADDED from src/main/AndroidManifest.xml:42:9-44:67
	android:windowSoftInputMode
		ADDED from src/main/AndroidManifest.xml:44:13-64
	android:name
		ADDED from src/main/AndroidManifest.xml:43:13-38
activity#com.example.test.personal3
ADDED from src/main/AndroidManifest.xml:45:9-47
	android:name
		ADDED from src/main/AndroidManifest.xml:45:19-44
activity#com.example.test.tab_Menu
ADDED from src/main/AndroidManifest.xml:46:9-46
	android:name
		ADDED from src/main/AndroidManifest.xml:46:19-43
activity#com.example.test.tab_Plan
ADDED from src/main/AndroidManifest.xml:47:9-46
	android:name
		ADDED from src/main/AndroidManifest.xml:47:19-43
activity#com.example.test.tab_Alarm
ADDED from src/main/AndroidManifest.xml:48:9-47
	android:name
		ADDED from src/main/AndroidManifest.xml:48:19-44
activity#com.example.test.tab_Me
ADDED from src/main/AndroidManifest.xml:49:9-44
	android:name
		ADDED from src/main/AndroidManifest.xml:49:19-41
activity#com.example.test.AlarmActivity
ADDED from src/main/AndroidManifest.xml:50:9-51
	android:name
		ADDED from src/main/AndroidManifest.xml:50:19-48
activity#com.example.test.AlarmSettings
ADDED from src/main/AndroidManifest.xml:51:9-51
	android:name
		ADDED from src/main/AndroidManifest.xml:51:19-48
receiver#com.example.test.AlarmReceiver
ADDED from src/main/AndroidManifest.xml:53:9-55:41
	android:process
		ADDED from src/main/AndroidManifest.xml:55:13-38
	android:name
		ADDED from src/main/AndroidManifest.xml:54:13-42
activity#com.example.test.RecipeInfo
ADDED from src/main/AndroidManifest.xml:57:9-48
	android:name
		ADDED from src/main/AndroidManifest.xml:57:19-45
activity#com.example.test.ResultActivity
ADDED from src/main/AndroidManifest.xml:58:9-60:47
	android:launchMode
		ADDED from src/main/AndroidManifest.xml:60:13-44
	android:name
		ADDED from src/main/AndroidManifest.xml:59:13-43
activity#com.example.test.myReport
ADDED from src/main/AndroidManifest.xml:61:9-46
	android:name
		ADDED from src/main/AndroidManifest.xml:61:19-43
activity#com.example.test.ResetPassword
ADDED from src/main/AndroidManifest.xml:62:9-51
	android:name
		ADDED from src/main/AndroidManifest.xml:62:19-48
activity#com.example.test.myFavourite
ADDED from src/main/AndroidManifest.xml:63:9-49
	android:name
		ADDED from src/main/AndroidManifest.xml:63:19-46
activity#com.example.test.shoppingCart
ADDED from src/main/AndroidManifest.xml:64:9-50
	android:name
		ADDED from src/main/AndroidManifest.xml:64:19-47